This is pdfTeX, Version 3.14159265-2.6-1.40.18 (MiKTeX 2.9.6350) (preloaded format=pdflatex 2018.2.6)  23 OCT 2019 16:05
entering extended mode
**./paper-kaggle.tex
(paper-kaggle.tex
LaTeX2e <2017-04-15>
Babel <3.10> and hyphenation patterns for 75 language(s) loaded.
(C:\Users\jpolak\Programs\MiKTeX\tex\latex\base\article.cls
Document Class: article 2014/09/29 v1.4h Standard LaTeX document class
(C:\Users\jpolak\Programs\MiKTeX\tex\latex\base\size12.clo
File: size12.clo 2014/09/29 v1.4h Standard LaTeX file (size option)
)
\c@part=\count79
\c@section=\count80
\c@subsection=\count81
\c@subsubsection=\count82
\c@paragraph=\count83
\c@subparagraph=\count84
\c@figure=\count85
\c@table=\count86
\abovecaptionskip=\skip41
\belowcaptionskip=\skip42
\bibindent=\dimen102
) (C:\Users\jpolak\Programs\MiKTeX\tex\latex\amsmath\amsmath.sty
Package: amsmath 2016/11/05 v2.16a AMS math features
\@mathmargin=\skip43
For additional information on amsmath, use the `?' option.
(C:\Users\jpolak\Programs\MiKTeX\tex\latex\amsmath\amstext.sty
Package: amstext 2000/06/29 v2.01 AMS text
(C:\Users\jpolak\Programs\MiKTeX\tex\latex\amsmath\amsgen.sty
File: amsgen.sty 1999/11/30 v2.0 generic functions
\@emptytoks=\toks14
\ex@=\dimen103
)) (C:\Users\jpolak\Programs\MiKTeX\tex\latex\amsmath\amsbsy.sty
Package: amsbsy 1999/11/29 v1.2d Bold Symbols
\pmbraise@=\dimen104
) (C:\Users\jpolak\Programs\MiKTeX\tex\latex\amsmath\amsopn.sty
Package: amsopn 2016/03/08 v2.02 operator names
)
\inf@bad=\count87
LaTeX Info: Redefining \frac on input line 213.
\uproot@=\count88
\leftroot@=\count89
LaTeX Info: Redefining \overline on input line 375.
\classnum@=\count90
\DOTSCASE@=\count91
LaTeX Info: Redefining \ldots on input line 472.
LaTeX Info: Redefining \dots on input line 475.
LaTeX Info: Redefining \cdots on input line 596.
\Mathstrutbox@=\box26
\strutbox@=\box27
\big@size=\dimen105
LaTeX Font Info:    Redeclaring font encoding OML on input line 712.
LaTeX Font Info:    Redeclaring font encoding OMS on input line 713.
\macc@depth=\count92
\c@MaxMatrixCols=\count93
\dotsspace@=\muskip10
\c@parentequation=\count94
\dspbrk@lvl=\count95
\tag@help=\toks15
\row@=\count96
\column@=\count97
\maxfields@=\count98
\andhelp@=\toks16
\eqnshift@=\dimen106
\alignsep@=\dimen107
\tagshift@=\dimen108
\tagwidth@=\dimen109
\totwidth@=\dimen110
\lineht@=\dimen111
\@envbody=\toks17
\multlinegap=\skip44
\multlinetaggap=\skip45
\mathdisplay@stack=\toks18
LaTeX Info: Redefining \[ on input line 2817.
LaTeX Info: Redefining \] on input line 2818.
) (C:\Users\jpolak\Programs\MiKTeX\tex\latex\graphics\graphicx.sty
Package: graphicx 2014/10/28 v1.0g Enhanced LaTeX Graphics (DPC,SPQR)
(C:\Users\jpolak\Programs\MiKTeX\tex\latex\graphics\keyval.sty
Package: keyval 2014/10/28 v1.15 key=value parser (DPC)
\KV@toks@=\toks19
) (C:\Users\jpolak\Programs\MiKTeX\tex\latex\graphics\graphics.sty
Package: graphics 2017/04/14 v1.1b Standard LaTeX Graphics (DPC,SPQR)
(C:\Users\jpolak\Programs\MiKTeX\tex\latex\graphics\trig.sty
Package: trig 2016/01/03 v1.10 sin cos tan (DPC)
) (C:\Users\jpolak\Programs\MiKTeX\tex\latex\graphics-cfg\graphics.cfg
File: graphics.cfg 2016/06/04 v1.11 sample graphics configuration
)
Package graphics Info: Driver file: pdftex.def on input line 99.
(C:\Users\jpolak\Programs\MiKTeX\tex\latex\graphics-def\pdftex.def
File: pdftex.def 2017/01/12 v0.06k Graphics/color for pdfTeX
(C:\Users\jpolak\Programs\MiKTeX\tex\generic\oberdiek\infwarerr.sty
Package: infwarerr 2016/05/16 v1.4 Providing info/warning/error messages (HO)
) (C:\Users\jpolak\Programs\MiKTeX\tex\generic\oberdiek\ltxcmds.sty
Package: ltxcmds 2016/05/16 v1.23 LaTeX kernel commands for general use (HO)
)
\Gread@gobject=\count99
))
\Gin@req@height=\dimen112
\Gin@req@width=\dimen113
) (C:\Users\jpolak\Programs\MiKTeX\tex\latex\psfrag\psfrag.sty
Package: psfrag 1998/04/11 v3.04 PSfrag (MCG)
\pfg@pcount=\count100
\pfg@scount=\count101
\pfg@temp=\write3
) (C:\Users\jpolak\Programs\MiKTeX\tex\latex\epsf\epsf.sty
This is `epsf.tex' v2.7.4 <14 February 2011>
\epsffilein=\read1
\epsfframemargin=\dimen114
\epsfframethickness=\dimen115
\epsfrsize=\dimen116
\epsftmp=\dimen117
\epsftsize=\dimen118
\epsfxsize=\dimen119
\epsfysize=\dimen120
\pspoints=\dimen121
) (C:\Users\jpolak\Programs\MiKTeX\tex\latex\tools\enumerate.sty
Package: enumerate 2015/07/23 v3.00 enumerate extensions (DPC)
\@enLab=\toks20
) (C:\Users\jpolak\Programs\MiKTeX\tex\latex\natbib\natbib.sty
Package: natbib 2010/09/13 8.31b (PWD, AO)
\bibhang=\skip46
\bibsep=\skip47
LaTeX Info: Redefining \cite on input line 694.
\c@NAT@ctr=\count102
) (C:\Users\jpolak\Programs\MiKTeX\tex\latex\url\url.sty
\Urlmuskip=\muskip11
Package: url 2013/09/16  ver 3.4  Verb mode for urls, etc.
) (paper-kaggle.aux)
\openout1 = `paper-kaggle.aux'.

LaTeX Font Info:    Checking defaults for OML/cmm/m/it on input line 20.
LaTeX Font Info:    ... okay on input line 20.
LaTeX Font Info:    Checking defaults for T1/cmr/m/n on input line 20.
LaTeX Font Info:    ... okay on input line 20.
LaTeX Font Info:    Checking defaults for OT1/cmr/m/n on input line 20.
LaTeX Font Info:    ... okay on input line 20.
LaTeX Font Info:    Checking defaults for OMS/cmsy/m/n on input line 20.
LaTeX Font Info:    ... okay on input line 20.
LaTeX Font Info:    Checking defaults for OMX/cmex/m/n on input line 20.
LaTeX Font Info:    ... okay on input line 20.
LaTeX Font Info:    Checking defaults for U/cmr/m/n on input line 20.
LaTeX Font Info:    ... okay on input line 20.
(C:\Users\jpolak\Programs\MiKTeX\tex\context\base\supp-pdf.mkii
[Loading MPS to PDF converter (version 2006.09.02).]
\scratchcounter=\count103
\scratchdimen=\dimen122
\scratchbox=\box28
\nofMPsegments=\count104
\nofMParguments=\count105
\everyMPshowfont=\toks21
\MPscratchCnt=\count106
\MPscratchDim=\dimen123
\MPnumerator=\count107
\makeMPintoPDFobject=\count108
\everyMPtoPDFconversion=\toks22
) (C:\Users\jpolak\Programs\MiKTeX\tex\generic\oberdiek\pdftexcmds.sty
Package: pdftexcmds 2017/03/19 v0.25 Utility functions of pdfTeX for LuaTeX (HO
)
(C:\Users\jpolak\Programs\MiKTeX\tex\generic\oberdiek\ifluatex.sty
Package: ifluatex 2016/05/16 v1.4 Provides the ifluatex switch (HO)
Package ifluatex Info: LuaTeX not detected.
) (C:\Users\jpolak\Programs\MiKTeX\tex\generic\oberdiek\ifpdf.sty
Package: ifpdf 2017/03/15 v3.2 Provides the ifpdf switch
)
Package pdftexcmds Info: LuaTeX not detected.
Package pdftexcmds Info: \pdf@primitive is available.
Package pdftexcmds Info: \pdf@ifprimitive is available.
Package pdftexcmds Info: \pdfdraftmode found.
) (C:\Users\jpolak\Programs\MiKTeX\tex\latex\oberdiek\epstopdf-base.sty
Package: epstopdf-base 2016/05/15 v2.6 Base part for package epstopdf
(C:\Users\jpolak\Programs\MiKTeX\tex\latex\oberdiek\grfext.sty
Package: grfext 2016/05/16 v1.2 Manage graphics extensions (HO)
(C:\Users\jpolak\Programs\MiKTeX\tex\generic\oberdiek\kvdefinekeys.sty
Package: kvdefinekeys 2016/05/16 v1.4 Define keys (HO)
)) (C:\Users\jpolak\Programs\MiKTeX\tex\latex\oberdiek\kvoptions.sty
Package: kvoptions 2016/05/16 v3.12 Key value format for package options (HO)
(C:\Users\jpolak\Programs\MiKTeX\tex\generic\oberdiek\kvsetkeys.sty
Package: kvsetkeys 2016/05/16 v1.17 Key value parser (HO)
(C:\Users\jpolak\Programs\MiKTeX\tex\generic\oberdiek\etexcmds.sty
Package: etexcmds 2016/05/16 v1.6 Avoid name clashes with e-TeX commands (HO)
Package etexcmds Info: Could not find \expanded.
(etexcmds)             That can mean that you are not using pdfTeX 1.50 or
(etexcmds)             that some package has redefined \expanded.
(etexcmds)             In the latter case, load this package earlier.
)))
Package epstopdf-base Info: Redefining graphics rule for `.eps' on input line 4
38.
Package grfext Info: Graphics extension search list:
(grfext)             [.png,.pdf,.jpg,.mps,.jpeg,.jbig2,.jb2,.PNG,.PDF,.JPG,.JPE
G,.JBIG2,.JB2,.eps]
(grfext)             \AppendGraphicsExtensions on input line 456.
) [1
Non-PDF special ignored!

{C:/Users/jpolak/Programs/MiKTeX/pdftex/config/pdftex.map}] [2]
Overfull \hbox (16.21414pt too wide) in paragraph at lines 150--153
\OT1/cmr/m/n/12 classes, one at the Uni-ver-sity of AB (MAST90083), and one at 
CD Uni-ver-sity (ETC2420/5242). 
 []

[3] [4] [5] [6] <paper-kaggle_files/figure-latex/Melb-1.pdf, id=25, 433.62pt x 
216.81pt>
File: paper-kaggle_files/figure-latex/Melb-1.pdf Graphic file (type pdf)
<use paper-kaggle_files/figure-latex/Melb-1.pdf>
Package pdftex.def Info: paper-kaggle_files/figure-latex/Melb-1.pdf used on inp
ut line 313.
(pdftex.def)             Requested size: 433.61894pt x 216.80946pt.
[7] <paper-kaggle_files/figure-latex/ETC5242-1.pdf, id=31, 289.08pt x 216.81pt>
File: paper-kaggle_files/figure-latex/ETC5242-1.pdf Graphic file (type pdf)
<use paper-kaggle_files/figure-latex/ETC5242-1.pdf>
Package pdftex.def Info: paper-kaggle_files/figure-latex/ETC5242-1.pdf used on 
input line 356.
(pdftex.def)             Requested size: 289.07928pt x 216.80946pt.

<paper-kaggle_files/figure-latex/crossperformances-1.pdf, id=32, 433.62pt x 361
.35pt>
File: paper-kaggle_files/figure-latex/crossperformances-1.pdf Graphic file (typ
e pdf)
<use paper-kaggle_files/figure-latex/crossperformances-1.pdf>
Package pdftex.def Info: paper-kaggle_files/figure-latex/crossperformances-1.pd
f used on input line 369.
(pdftex.def)             Requested size: 433.61894pt x 361.34912pt.
[8 <./paper-kaggle_files/figure-latex/Melb-1.pdf>] [9 <./paper-kaggle_files/fig
ure-latex/ETC5242-1.pdf>] [10 <./paper-kaggle_files/figure-latex/crossperforman
ces-1.pdf>]
<paper-kaggle_files/figure-latex/numsubmition-1.pdf, id=62, 433.62pt x 361.35pt
>
File: paper-kaggle_files/figure-latex/numsubmition-1.pdf Graphic file (type pdf
)
<use paper-kaggle_files/figure-latex/numsubmition-1.pdf>
Package pdftex.def Info: paper-kaggle_files/figure-latex/numsubmition-1.pdf use
d on input line 416.
(pdftex.def)             Requested size: 433.61894pt x 361.34912pt.
<paper-kaggle_files/figure-latex/likert-1.pdf, id=63, 469.755pt x 216.81pt>
File: paper-kaggle_files/figure-latex/likert-1.pdf Graphic file (type pdf)
<use paper-kaggle_files/figure-latex/likert-1.pdf>
Package pdftex.def Info: paper-kaggle_files/figure-latex/likert-1.pdf used on i
nput line 438.
(pdftex.def)             Requested size: 469.75386pt x 216.80946pt.

Overfull \hbox (7.48387pt too wide) in paragraph at lines 438--443
 [][] 
 []


Overfull \hbox (17.07802pt too wide) in paragraph at lines 448--457
 [] 
 []

[11] [12 <./paper-kaggle_files/figure-latex/numsubmition-1.pdf>]

LaTeX Warning: Text page 13 contains only floats.

[13 <./paper-kaggle_files/figure-latex/likert-1.pdf>] [14] [15] [16] (paper-kag
gle.bbl
Underfull \hbox (badness 10000) in paragraph at lines 4--7
[]\OT1/cmr/m/n/12 Agarwal, N. (2018), `Use kag-gle to start (and guide) your ml
/ data
 []


Underfull \hbox (badness 10000) in paragraph at lines 4--7
\OT1/cmr/m/n/12 sci-ence jour-ney - why and how', $\OT1/cmtt/m/n/12 https : / /
 towardsdatascience . com /
 []

[17]
Underfull \hbox (badness 10000) in paragraph at lines 38--42
\OT1/cmr/bx/n/12 URL: \OT1/cmr/m/it/12 http://blog.kaggle.com/2012/11/01/deep-l
earning-how-i-did-it-merck-1st-place-
 []


Underfull \hbox (badness 3954) in paragraph at lines 44--47
[]\OT1/cmr/m/n/12 Howard, J. (2013), `POW-ER-DOT awarded $500,000 and An-nounc-
ing Her-itage
 []

[18]) [19] (paper-kaggle.aux) ) 
Here is how much of TeX's memory you used:
 2780 strings out of 493323
 37600 string characters out of 3137399
 106161 words of memory out of 3000000
 6282 multiletter control sequences out of 15000+200000
 10466 words of font info for 38 fonts, out of 3000000 for 9000
 1141 hyphenation exceptions out of 8191
 39i,9n,25p,575b,314s stack positions out of 5000i,500n,10000p,200000b,50000s
<C:/Users/jpolak/Programs/MiKTeX/fonts/type1/pub
lic/amsfonts/cm/cmbx10.pfb><C:/Users/jpolak/Programs/MiKTeX/fonts/type1/public/
amsfonts/cm/cmbx12.pfb><C:/Users/jpolak/Programs/MiKTeX/fonts/type1/public/amsf
onts/cm/cmitt10.pfb><C:/Users/jpolak/Programs/MiKTeX/fonts/type1/public/amsfont
s/cm/cmmi12.pfb><C:/Users/jpolak/Programs/MiKTeX/fonts/type1/public/amsfonts/cm
/cmr10.pfb><C:/Users/jpolak/Programs/MiKTeX/fonts/type1/public/amsfonts/cm/cmr1
2.pfb><C:/Users/jpolak/Programs/MiKTeX/fonts/type1/public/amsfonts/cm/cmti12.pf
b><C:/Users/jpolak/Programs/MiKTeX/fonts/type1/public/amsfonts/cm/cmtt12.pfb>
Output written on paper-kaggle.pdf (19 pages, 190131 bytes).
PDF statistics:
 131 PDF objects out of 1000 (max. 8388607)
 0 named destinations out of 1000 (max. 500000)
 26 words of extra memory for PDF output out of 10000 (max. 10000000)

